<?xml version="1.0" encoding="UTF-8"?>
<!-- Generated by org.testng.reporters.JUnitReportReporter -->
<testsuite hostname="LAPTOP-QK4QKG3V" failures="0" tests="4" name="com.ab.form.tests.FormPageTest" time="13.698" errors="0" timestamp="2025-08-30T19:44:54 IST" skipped="0">
  <testcase classname="com.ab.form.tests.FormPageTest" name="FormPageTitleCheck" time="3.838"/>
  <testcase classname="com.ab.form.tests.FormPageTest" name="FormPageTitleCheck" time="1.998"/>
  <testcase classname="com.ab.form.tests.FormPageTest" name="Actions" time="4.802"/>
  <testcase classname="com.ab.form.tests.FormPageTest" name="Actions" time="3.060"/>
</testsuite> <!-- com.ab.form.tests.FormPageTest -->
