<?xml version="1.0" encoding="UTF-8"?>
<!-- Generated by org.testng.reporters.JUnitReportReporter -->
<testsuite hostname="LAPTOP-QK4QKG3V" failures="0" tests="4" name="com.ab.form.tests.FormPageTest" time="17.999" errors="0" timestamp="2025-08-30T20:05:37 IST" skipped="0">
  <testcase classname="com.ab.form.tests.FormPageTest" name="FormPageTitleCheck" time="3.912"/>
  <testcase classname="com.ab.form.tests.FormPageTest" name="FormPageTitleCheck" time="4.140"/>
  <testcase classname="com.ab.form.tests.FormPageTest" name="Actions" time="6.851"/>
  <testcase classname="com.ab.form.tests.FormPageTest" name="Actions" time="3.096"/>
</testsuite> <!-- com.ab.form.tests.FormPageTest -->
