<?xml version="1.0" encoding="UTF-8"?>
<!-- Generated by org.testng.reporters.JUnitReportReporter -->
<testsuite hostname="LAPTOP-QK4QKG3V" failures="0" tests="4" name="com.ab.form.tests.FormPageTest" time="5.832" errors="0" timestamp="2025-08-19T19:35:19 IST" skipped="0">
  <testcase classname="com.ab.form.tests.FormPageTest" name="FormPageTitleCheck" time="0.060"/>
  <testcase classname="com.ab.form.tests.FormPageTest" name="FormPageTitleCheck" time="0.032"/>
  <testcase classname="com.ab.form.tests.FormPageTest" name="Actions" time="2.786"/>
  <testcase classname="com.ab.form.tests.FormPageTest" name="Actions" time="2.954"/>
</testsuite> <!-- com.ab.form.tests.FormPageTest -->
